<?xml version="1.0" encoding="UTF-8"?>
<!-- Generated by org.testng.reporters.JUnitReportReporter -->
<testsuite hostname="75s-MacBook-Air.local" failures="0" tests="4" name="api.test.UserTests" time="7.499" errors="0" timestamp="2024-08-27T17:42:01 IST" skipped="0">
  <testcase classname="api.test.UserTests" name="testStagepost" time="4.084"/>
  <testcase classname="api.test.UserTests" name="testStageupdate" time="1.080"/>
  <testcase classname="api.test.UserTests" name="testStagedelete" time="1.028"/>
  <testcase classname="api.test.UserTests" name="testStageget" time="1.307"/>
</testsuite> <!-- api.test.UserTests -->
