<?xml version="1.0" encoding="UTF-8"?>
<!-- Generated by org.testng.reporters.JUnitReportReporter -->
<testsuite ignored="0" hostname="Princes-MacBook-Air.local" failures="0" tests="2" name="api.test.Datadriventestcase" time="4.344" errors="0" timestamp="24 Aug 2024 12:45:21 GMT" skipped="0">
  <testcase classname="api.test.Datadriventestcase" name="poststage" time="3.163"/>
  <testcase classname="api.test.Datadriventestcase" name="poststage" time="1.181"/>
</testsuite> <!-- api.test.Datadriventestcase -->
