<?xml version="1.0" encoding="UTF-8"?>
<!-- Generated by org.testng.reporters.JUnitReportReporter -->
<testsuite hostname="Princes-MacBook-Air.local" failures="0" tests="4" name="api.test.UserTests2" time="8.263" errors="0" timestamp="2024-08-28T23:51:53 IST" skipped="0">
  <testcase classname="api.test.UserTests2" name="testStagepost" time="4.739"/>
  <testcase classname="api.test.UserTests2" name="testStageupdate" time="1.098"/>
  <testcase classname="api.test.UserTests2" name="testStagedelete" time="1.136"/>
  <testcase classname="api.test.UserTests2" name="testStageget" time="1.290"/>
</testsuite> <!-- api.test.UserTests2 -->
